<?xml version="1.0" encoding="UTF-8"?>
<testng-results skipped="0" failed="0" ignored="0" total="1" passed="1">
  <reporter-output>
  </reporter-output>
  <suite name="Default suite" duration-ms="16099" started-at="2018-06-26T14:20:50Z" finished-at="2018-06-26T14:21:06Z">
    <groups>
    </groups>
    <test name="Default test" duration-ms="16099" started-at="2018-06-26T14:20:50Z" finished-at="2018-06-26T14:21:06Z">
      <class name="com.mockaroo.MockarooDataValidation">
        <test-method status="PASS" signature="setUp()[pri:0, instance:com.mockaroo.MockarooDataValidation@57baeedf]" name="setUp" is-config="true" duration-ms="5840" started-at="2018-06-26T14:20:50Z" finished-at="2018-06-26T14:20:55Z">
          <reporter-output>
          </reporter-output>
        </test-method> <!-- setUp -->
        <test-method status="PASS" signature="test1()[pri:0, instance:com.mockaroo.MockarooDataValidation@57baeedf]" name="test1" duration-ms="10194" started-at="2018-06-26T14:20:55Z" finished-at="2018-06-26T14:21:06Z">
          <reporter-output>
          </reporter-output>
        </test-method> <!-- test1 -->
      </class> <!-- com.mockaroo.MockarooDataValidation -->
    </test> <!-- Default test -->
  </suite> <!-- Default suite -->
</testng-results>
